Arguments: 
  D:\Program Files\nodejs\node.exe C:\Users\Administrator\AppData\Roaming\npm\node_modules\yarn\bin\yarn.js install

PATH: 
  C:\Program Files (x86)\NetSarang\Xshell 6\;C:\Windows\system32;C:\Windows;C:\Windows\System32\Wbem;C:\Windows\System32\WindowsPowerShell\v1.0\;C:\Program Files (x86)\NVIDIA Corporation\PhysX\Common;C:\Program Files (x86)\MySQL\MySQL Server 5.0\bin;D:\Program Files\nodejs\;D:\Program Files\Git\cmd;C:\Users\Administrator\AppData\Local\Programs\Fiddler;C:\Users\Administrator\AppData\Roaming\npm

Yarn version: 
  1.17.3

Node version: 
  12.17.0

Platform: 
  win32 x64

Trace: 
  Error: getaddrinfo ENOTFOUND cdn.npm.taobao.org
      at GetAddrInfoReqWrap.onlookup [as oncomplete] (dns.js:66:26)

npm manifest: 
  {
    "dependencies": {
      "@ant-design/icons": "4.0.0",
      "@types/react": "^16.4.6",
      "@types/react-dom": "^16.0.6",
      "antd": "^3.24.2",
      "axios": "^0.18.0",
      "babel-eslint": "^10.0.1",
      "css-loader": "^3.4.2",
      "eslint": "^4.19.1",
      "less-loader": "^5.0.0",
      "lodash": "^4.17.10",
      "lodash-decorators": "^5.0.0",
      "moment": "^2.24.0",
      "react": "^16.13.1",
      "react-amap": "^1.2.8",
      "react-dom": "^16.8.6",
      "react-intl": "^2.4.0",
      "react-media": "^1.10.0",
      "react-router": "^5.1.2",
      "react-router-dom": "^5.1.2",
      "tslint": "^5.11.0",
      "tslint-config-prettier": "^1.13.0",
      "tslint-react": "^3.6.0",
      "umi": "^2.0.0",
      "umi-plugin-react": "^1.0.0"
    },
    "scripts": {
      "dev": "umi dev",
      "build": "umi build",
      "lint": "eslint --ext .js src",
      "_sync": "sh tool/tobigfish.sh"
    }
  }

yarn manifest: 
  No manifest

Lockfile: 
  No lockfile
